build/app/intermediates/manifest_merge_blame_file/debug/manifest-merger-blame-debug-report.txt
1<?xml version="1.0" encoding="utf-8"?>
2<manifest xmlns:android="http://schemas.android.com/apk/res/android"
3    package="com.wanderalvess.clouds_identification_tab"
4    android:versionCode="1"
5    android:versionName="1.0.0" >
6
7    <uses-sdk
8        android:minSdkVersion="21"
9        android:targetSdkVersion="34" />
10    <!--
11         The INTERNET permission is required for development. Specifically,
12         the Flutter tool needs it to communicate with the running application
13         to allow setting breakpoints, to provide hot reload, etc.
14    -->
15    <uses-permission android:name="android.permission.INTERNET" />
15-->src\debug\AndroidManifest.xml:7:5-66
15-->src\debug\AndroidManifest.xml:7:22-64
16
17    <application
18        android:name="android.app.Application"
19        android:appComponentFactory="androidx.core.app.CoreComponentFactory"
19-->[androidx.core:core:1.6.0] AndroidManifest.xml:24:18-86
20        android:debuggable="true"
21        android:icon="@mipmap/ic_logo"
22        android:label="Explorando o Clima" >
23        <activity
24            android:name="com.wanderalvess.clouds_identification_tab.MainActivity"
25            android:configChanges="orientation|keyboardHidden|keyboard|screenSize|smallestScreenSize|locale|layoutDirection|fontScale|screenLayout|density|uiMode"
26            android:exported="true"
27            android:hardwareAccelerated="true"
28            android:launchMode="singleTop"
29            android:theme="@style/LaunchTheme"
30            android:windowSoftInputMode="adjustResize" >
31            <meta-data
32                android:name="io.flutter.embedding.android.NormalTheme"
33                android:resource="@style/NormalTheme" />
34
35            <intent-filter>
36                <action android:name="android.intent.action.MAIN" />
37
38                <category android:name="android.intent.category.LAUNCHER" />
39            </intent-filter>
40        </activity>
41        <!--
42             Don't delete the meta-data below.
43             This is used by the Flutter tool to generate GeneratedPluginRegistrant.java
44        -->
45        <meta-data
46            android:name="flutterEmbedding"
47            android:value="2" />
48
49        <uses-library
49-->[androidx.window:window:1.0.0-beta04] AndroidManifest.xml:25:9-27:40
50            android:name="androidx.window.extensions"
50-->[androidx.window:window:1.0.0-beta04] AndroidManifest.xml:26:13-54
51            android:required="false" />
51-->[androidx.window:window:1.0.0-beta04] AndroidManifest.xml:27:13-37
52        <uses-library
52-->[androidx.window:window:1.0.0-beta04] AndroidManifest.xml:28:9-30:40
53            android:name="androidx.window.sidecar"
53-->[androidx.window:window:1.0.0-beta04] AndroidManifest.xml:29:13-51
54            android:required="false" />
54-->[androidx.window:window:1.0.0-beta04] AndroidManifest.xml:30:13-37
55    </application>
56
57</manifest>